[  0%] Built target geometry_msgs_generate_messages_py
[  0%] Built target std_msgs_generate_messages_py
[  0%] Built target geometry_msgs_generate_messages_cpp
[  0%] Built target sensor_msgs_generate_messages_cpp
[  0%] Built target sensor_msgs_generate_messages_py
[  0%] Built target geometry_msgs_generate_messages_nodejs
[  0%] Built target std_msgs_generate_messages_cpp
[  0%] Built target sensor_msgs_generate_messages_nodejs
[  0%] Built target std_msgs_generate_messages_lisp
[  0%] Built target geometry_msgs_generate_messages_lisp
[  0%] Built target std_msgs_generate_messages_nodejs
[35m[1mScanning dependencies of target a_star_planner_node[0m
[  0%] Built target geometry_msgs_generate_messages_eus
[  0%] Built target sensor_msgs_generate_messages_eus
[  0%] Built target sensor_msgs_generate_messages_lisp
[  0%] Built target std_msgs_generate_messages_eus
[  0%] Built target _VLN_planner_generate_messages_check_deps_ObjectCoordinates
[  4%] [32mBuilding CXX object CMakeFiles/a_star_planner_node.dir/src/a_star_planner.cpp.o[0m
[  4%] Built target _VLN_planner_generate_messages_check_deps_ObjectDetections
[  4%] Built target _VLN_planner_generate_messages_check_deps_ObjectCoordinate
[  4%] Built target _VLN_planner_generate_messages_check_deps_ObjectDetection
[ 50%] Built target VLN_planner_generate_messages_cpp
[ 58%] Built target VLN_planner_generate_messages_lisp
[ 58%] Built target VLN_planner_generate_messages_py
[ 75%] Built target VLN_planner_generate_messages_nodejs
[ 95%] Built target VLN_planner_generate_messages_eus
[ 95%] Built target VLN_planner_generate_messages
[01m[K/home/k325/VLN/ros/workspace/src/VLN_planner/src/a_star_planner.cpp:[m[K In function ‘[01m[Kstd::vector<Node*> aStarSearch(Node*, Node*)[m[K’:
[01m[K/home/k325/VLN/ros/workspace/src/VLN_planner/src/a_star_planner.cpp:94:19:[m[K [01;31m[Kerror: [m[K‘[01m[Ksslocal[m[K’ has not been declared
   94 |     auto cmp = []([01;31m[Ksslocal[m[K::flow/file_open?url=Node%2A+a%2C+Node%2A+b&flow_extra=eyJsaW5rX3R5cGUiOiJjb2RlX2ludGVycHJldGVyIn0=) { return a->f > b->f; };
      |                   [01;31m[K^~~~~~~[m[K
[01m[K/home/k325/VLN/ros/workspace/src/VLN_planner/src/a_star_planner.cpp:94:32:[m[K [01;31m[Kerror: [m[Kexpected ‘[01m[K,[m[K’ or ‘[01m[K...[m[K’ before ‘[01m[K/[m[K’ token
   94 |     auto cmp = [](sslocal::flow[01;31m[K/[m[Kfile_open?url=Node%2A+a%2C+Node%2A+b&flow_extra=eyJsaW5rX3R5cGUiOiJjb2RlX2ludGVycHJldGVyIn0=) { return a->f > b->f; };
      |                                [01;31m[K^[m[K
[01m[K/home/k325/VLN/ros/workspace/src/VLN_planner/src/a_star_planner.cpp:[m[K In lambda function:
[01m[K/home/k325/VLN/ros/workspace/src/VLN_planner/src/a_star_planner.cpp:94:136:[m[K [01;31m[Kerror: [m[K‘[01m[Ka[m[K’ was not declared in this scope
   94 |     auto cmp = [](sslocal::flow/file_open?url=Node%2A+a%2C+Node%2A+b&flow_extra=eyJsaW5rX3R5cGUiOiJjb2RlX2ludGVycHJldGVyIn0=) { return [01;31m[Ka[m[K->f > b->f; };
      |                                                                                                                                        [01;31m[K^[m[K
[01m[K/home/k325/VLN/ros/workspace/src/VLN_planner/src/a_star_planner.cpp:94:143:[m[K [01;31m[Kerror: [m[K‘[01m[Kb[m[K’ was not declared in this scope
   94 |     auto cmp = [](sslocal::flow/file_open?url=Node%2A+a%2C+Node%2A+b&flow_extra=eyJsaW5rX3R5cGUiOiJjb2RlX2ludGVycHJldGVyIn0=) { return a->f > [01;31m[Kb[m[K->f; };
      |                                                                                                                                               [01;31m[K^[m[K
In file included from [01m[K/usr/include/c++/9/bits/stl_algobase.h:71[m[K,
                 from [01m[K/usr/include/c++/9/bits/char_traits.h:39[m[K,
                 from [01m[K/usr/include/c++/9/string:40[m[K,
                 from [01m[K/opt/ros/noetic/include/ros/platform.h:38[m[K,
                 from [01m[K/opt/ros/noetic/include/ros/time.h:53[m[K,
                 from [01m[K/opt/ros/noetic/include/ros/ros.h:38[m[K,
                 from [01m[K/home/k325/VLN/ros/workspace/src/VLN_planner/src/a_star_planner.cpp:1[m[K:
/usr/include/c++/9/bits/predefined_ops.h: In instantiation of ‘[01m[Kbool __gnu_cxx::__ops::_Iter_comp_val<_Compare>::operator()(_Iterator, _Value&) [with _Iterator = __gnu_cxx::__normal_iterator<Node**, std::vector<Node*> >; _Value = Node*; _Compare = aStarSearch(Node*, Node*)::<lambda(int)>][m[K’:
[01m[K/usr/include/c++/9/bits/stl_heap.h:133:48:[m[K   required from ‘[01m[Kvoid std::__push_heap(_RandomAccessIterator, _Distance, _Distance, _Tp, _Compare&) [with _RandomAccessIterator = __gnu_cxx::__normal_iterator<Node**, std::vector<Node*> >; _Distance = long int; _Tp = Node*; _Compare = __gnu_cxx::__ops::_Iter_comp_val<aStarSearch(Node*, Node*)::<lambda(int)> >][m[K’
[01m[K/usr/include/c++/9/bits/stl_heap.h:207:23:[m[K   required from ‘[01m[Kvoid std::push_heap(_RAIter, _RAIter, _Compare) [with _RAIter = __gnu_cxx::__normal_iterator<Node**, std::vector<Node*> >; _Compare = aStarSearch(Node*, Node*)::<lambda(int)>][m[K’
[01m[K/usr/include/c++/9/bits/stl_queue.h:630:16:[m[K   required from ‘[01m[Kvoid std::priority_queue<_Tp, _Sequence, _Compare>::push(const value_type&) [with _Tp = Node*; _Sequence = std::vector<Node*>; _Compare = aStarSearch(Node*, Node*)::<lambda(int)>; std::priority_queue<_Tp, _Sequence, _Compare>::value_type = Node*][m[K’
[01m[K/home/k325/VLN/ros/workspace/src/VLN_planner/src/a_star_planner.cpp:100:25:[m[K   required from here
[01m[K/usr/include/c++/9/bits/predefined_ops.h:177:11:[m[K [01;31m[Kerror: [m[Kno match for call to ‘[01m[K(aStarSearch(Node*, Node*)::<lambda(int)>) (Node*&, Node*&)[m[K’
  177 |  { return [01;31m[Kbool(_M_comp(*__it, __val))[m[K; }
      |           [01;31m[K^~~~~~~~~~~~~~~~~~~~~~~~~~~[m[K
[01m[K/usr/include/c++/9/bits/predefined_ops.h:177:11:[m[K [01;36m[Knote: [m[Kcandidate: ‘[01m[Kvoid (*)(int)[m[K’ <conversion>
[01m[K/usr/include/c++/9/bits/predefined_ops.h:177:11:[m[K [01;36m[Knote: [m[K  candidate expects 2 arguments, 3 provided
[01m[K/home/k325/VLN/ros/workspace/src/VLN_planner/src/a_star_planner.cpp:94:16:[m[K [01;36m[Knote: [m[Kcandidate: ‘[01m[KaStarSearch(Node*, Node*)::<lambda(int)>[m[K’
   94 |     auto cmp = [01;36m[K[[m[K](sslocal::flow/file_open?url=Node%2A+a%2C+Node%2A+b&flow_extra=eyJsaW5rX3R5cGUiOiJjb2RlX2ludGVycHJldGVyIn0=) { return a->f > b->f; };
      |                [01;36m[K^[m[K
[01m[K/home/k325/VLN/ros/workspace/src/VLN_planner/src/a_star_planner.cpp:94:16:[m[K [01;36m[Knote: [m[K  candidate expects 1 argument, 2 provided
In file included from [01m[K/usr/include/c++/9/bits/stl_algobase.h:71[m[K,
                 from [01m[K/usr/include/c++/9/bits/char_traits.h:39[m[K,
                 from [01m[K/usr/include/c++/9/string:40[m[K,
                 from [01m[K/opt/ros/noetic/include/ros/platform.h:38[m[K,
                 from [01m[K/opt/ros/noetic/include/ros/time.h:53[m[K,
                 from [01m[K/opt/ros/noetic/include/ros/ros.h:38[m[K,
                 from [01m[K/home/k325/VLN/ros/workspace/src/VLN_planner/src/a_star_planner.cpp:1[m[K:
/usr/include/c++/9/bits/predefined_ops.h: In instantiation of ‘[01m[Kconstexpr bool __gnu_cxx::__ops::_Iter_comp_iter<_Compare>::operator()(_Iterator1, _Iterator2) [with _Iterator1 = __gnu_cxx::__normal_iterator<Node**, std::vector<Node*> >; _Iterator2 = __gnu_cxx::__normal_iterator<Node**, std::vector<Node*> >; _Compare = aStarSearch(Node*, Node*)::<lambda(int)>][m[K’:
[01m[K/usr/include/c++/9/bits/stl_heap.h:222:14:[m[K   required from ‘[01m[Kvoid std::__adjust_heap(_RandomAccessIterator, _Distance, _Distance, _Tp, _Compare) [with _RandomAccessIterator = __gnu_cxx::__normal_iterator<Node**, std::vector<Node*> >; _Distance = long int; _Tp = Node*; _Compare = __gnu_cxx::__ops::_Iter_comp_iter<aStarSearch(Node*, Node*)::<lambda(int)> >][m[K’
[01m[K/usr/include/c++/9/bits/stl_heap.h:342:22:[m[K   required from ‘[01m[Kvoid std::__make_heap(_RandomAccessIterator, _RandomAccessIterator, _Compare&) [with _RandomAccessIterator = __gnu_cxx::__normal_iterator<Node**, std::vector<Node*> >; _Compare = __gnu_cxx::__ops::_Iter_comp_iter<aStarSearch(Node*, Node*)::<lambda(int)> >][m[K’
[01m[K/usr/include/c++/9/bits/stl_heap.h:397:23:[m[K   required from ‘[01m[Kvoid std::make_heap(_RAIter, _RAIter, _Compare) [with _RAIter = __gnu_cxx::__normal_iterator<Node**, std::vector<Node*> >; _Compare = aStarSearch(Node*, Node*)::<lambda(int)>][m[K’
[01m[K/usr/include/c++/9/bits/stl_queue.h:512:23:[m[K   required from ‘[01m[Kstd::priority_queue<_Tp, _Sequence, _Compare>::priority_queue(const _Compare&, _Sequence&&) [with _Tp = Node*; _Sequence = std::vector<Node*>; _Compare = aStarSearch(Node*, Node*)::<lambda(int)>][m[K’
[01m[K/home/k325/VLN/ros/workspace/src/VLN_planner/src/a_star_planner.cpp:95:80:[m[K   required from here
[01m[K/usr/include/c++/9/bits/predefined_ops.h:143:18:[m[K [01;31m[Kerror: [m[Kno match for call to ‘[01m[K(aStarSearch(Node*, Node*)::<lambda(int)>) (Node*&, Node*&)[m[K’
  143 |         { return [01;31m[Kbool(_M_comp(*__it1, *__it2))[m[K; }
      |                  [01;31m[K^~~~~~~~~~~~~~~~~~~~~~~~~~~~~[m[K
[01m[K/usr/include/c++/9/bits/predefined_ops.h:143:18:[m[K [01;36m[Knote: [m[Kcandidate: ‘[01m[Kvoid (*)(int)[m[K’ <conversion>
[01m[K/usr/include/c++/9/bits/predefined_ops.h:143:18:[m[K [01;36m[Knote: [m[K  candidate expects 2 arguments, 3 provided
[01m[K/home/k325/VLN/ros/workspace/src/VLN_planner/src/a_star_planner.cpp:94:16:[m[K [01;36m[Knote: [m[Kcandidate: ‘[01m[KaStarSearch(Node*, Node*)::<lambda(int)>[m[K’
   94 |     auto cmp = [01;36m[K[[m[K](sslocal::flow/file_open?url=Node%2A+a%2C+Node%2A+b&flow_extra=eyJsaW5rX3R5cGUiOiJjb2RlX2ludGVycHJldGVyIn0=) { return a->f > b->f; };
      |                [01;36m[K^[m[K
[01m[K/home/k325/VLN/ros/workspace/src/VLN_planner/src/a_star_planner.cpp:94:16:[m[K [01;36m[Knote: [m[K  candidate expects 1 argument, 2 provided
make[2]: *** [CMakeFiles/a_star_planner_node.dir/build.make:63：CMakeFiles/a_star_planner_node.dir/src/a_star_planner.cpp.o] 错误 1
make[1]: *** [CMakeFiles/Makefile2:2757：CMakeFiles/a_star_planner_node.dir/all] 错误 2
make: *** [Makefile:141：all] 错误 2
