Symlinking /home/k325/VLN/ros/workspace/devel/include/vln_planner/ObjectCoordinate.h
Symlinking /home/k325/VLN/ros/workspace/devel/include/vln_planner/ObjectDetections.h
Symlinking /home/k325/VLN/ros/workspace/devel/include/vln_planner/ObjectDetection.h
Symlinking /home/k325/VLN/ros/workspace/devel/include/vln_planner/ObjectCoordinates.h
Symlinking /home/k325/VLN/ros/workspace/devel/share/gennodejs/ros/vln_planner/_index.js
Symlinking /home/k325/VLN/ros/workspace/devel/share/gennodejs/ros/vln_planner/msg/ObjectDetection.js
Symlinking /home/k325/VLN/ros/workspace/devel/share/gennodejs/ros/vln_planner/msg/ObjectCoordinates.js
Symlinking /home/k325/VLN/ros/workspace/devel/share/gennodejs/ros/vln_planner/msg/ObjectDetections.js
Symlinking /home/k325/VLN/ros/workspace/devel/share/gennodejs/ros/vln_planner/msg/_index.js
Symlinking /home/k325/VLN/ros/workspace/devel/share/gennodejs/ros/vln_planner/msg/ObjectCoordinate.js
Symlinking /home/k325/VLN/ros/workspace/devel/share/common-lisp/ros/vln_planner/msg/_package_ObjectCoordinates.lisp
Symlinking /home/k325/VLN/ros/workspace/devel/share/common-lisp/ros/vln_planner/msg/vln_planner-msg.asd
Symlinking /home/k325/VLN/ros/workspace/devel/share/common-lisp/ros/vln_planner/msg/ObjectDetections.lisp
Symlinking /home/k325/VLN/ros/workspace/devel/share/common-lisp/ros/vln_planner/msg/_package_ObjectDetection.lisp
Symlinking /home/k325/VLN/ros/workspace/devel/share/common-lisp/ros/vln_planner/msg/ObjectDetection.lisp
Symlinking /home/k325/VLN/ros/workspace/devel/share/common-lisp/ros/vln_planner/msg/_package_ObjectDetections.lisp
Symlinking /home/k325/VLN/ros/workspace/devel/share/common-lisp/ros/vln_planner/msg/ObjectCoordinate.lisp
Symlinking /home/k325/VLN/ros/workspace/devel/share/common-lisp/ros/vln_planner/msg/_package.lisp
Symlinking /home/k325/VLN/ros/workspace/devel/share/common-lisp/ros/vln_planner/msg/ObjectCoordinates.lisp
Symlinking /home/k325/VLN/ros/workspace/devel/share/common-lisp/ros/vln_planner/msg/_package_ObjectCoordinate.lisp
Symlinking /home/k325/VLN/ros/workspace/devel/share/vln_planner/cmake/vln_plannerConfig.cmake
Symlinking /home/k325/VLN/ros/workspace/devel/share/vln_planner/cmake/vln_planner-msg-paths.cmake
Symlinking /home/k325/VLN/ros/workspace/devel/share/vln_planner/cmake/vln_planner-msg-extras.cmake
Symlinking /home/k325/VLN/ros/workspace/devel/share/vln_planner/cmake/vln_plannerConfig-version.cmake
Symlinking /home/k325/VLN/ros/workspace/devel/share/roseus/ros/vln_planner/manifest.l
Symlinking /home/k325/VLN/ros/workspace/devel/share/roseus/ros/vln_planner/msg/ObjectDetection.l
Symlinking /home/k325/VLN/ros/workspace/devel/share/roseus/ros/vln_planner/msg/ObjectDetections.l
Symlinking /home/k325/VLN/ros/workspace/devel/share/roseus/ros/vln_planner/msg/ObjectCoordinates.l
Symlinking /home/k325/VLN/ros/workspace/devel/share/roseus/ros/vln_planner/msg/ObjectCoordinate.l
Symlinking /home/k325/VLN/ros/workspace/devel/lib/python3/dist-packages/vln_planner/__init__.py
Symlinking /home/k325/VLN/ros/workspace/devel/lib/python3/dist-packages/vln_planner/msg/_ObjectDetections.py
Symlinking /home/k325/VLN/ros/workspace/devel/lib/python3/dist-packages/vln_planner/msg/__init__.py
Symlinking /home/k325/VLN/ros/workspace/devel/lib/python3/dist-packages/vln_planner/msg/_ObjectDetection.py
Symlinking /home/k325/VLN/ros/workspace/devel/lib/python3/dist-packages/vln_planner/msg/_ObjectCoordinates.py
Symlinking /home/k325/VLN/ros/workspace/devel/lib/python3/dist-packages/vln_planner/msg/_ObjectCoordinate.py
Symlinking /home/k325/VLN/ros/workspace/devel/lib/pkgconfig/vln_planner.pc
Symlinking /home/k325/VLN/ros/workspace/devel/lib/vln_planner/yolo_detection_node.py
Symlinking /home/k325/VLN/ros/workspace/devel/lib/vln_planner/vln_goal.py
Symlinking /home/k325/VLN/ros/workspace/devel/lib/vln_planner/object_marker.py
Symlinking /home/k325/VLN/ros/workspace/devel/lib/vln_planner/a_star_planner_node
