[36m--[0m Using CATKIN_DEVEL_PREFIX: /home/k325/VLN/ros/workspace/devel/.private/VLN_planner
[36m--[0m Using CMAKE_PREFIX_PATH: /home/k325/VLN/ros/workspace/devel;/opt/ros/noetic
[36m--[0m This workspace overlays: /home/k325/VLN/ros/workspace/devel;/opt/ros/noetic
[36m--[0m Found PythonInterp: /home/k325/miniconda3/envs/vln/bin/python3 (found suitable version "3.8.20", minimum required is "3")
[36m--[0m Using PYTHON_EXECUTABLE: /home/k325/miniconda3/envs/vln/bin/python3
[36m--[0m Using Debian Python package layout
[36m--[0m Using empy: /home/k325/miniconda3/envs/vln/lib/python3.8/site-packages/em.py
[36m--[0m Using CATKIN_ENABLE_TESTING: ON
[36m--[0m Call enable_testing()
[36m--[0m Using CATKIN_TEST_RESULTS_DIR: /home/k325/VLN/ros/workspace/build/VLN_planner/test_results
[36m--[0m Forcing gtest/gmock from source, though one was otherwise available.
[36m--[0m Found gtest sources under '/usr/src/googletest': gtests will be built
[36m--[0m Found gmock sources under '/usr/src/googletest': gmock will be built
[36m--[0m Found PythonInterp: /home/k325/miniconda3/envs/vln/bin/python3 (found version "3.8.20")
[36m--[0m Using Python nosetests: /usr/bin/nosetests3
[36m--[0m catkin 0.8.12
[36m--[0m BUILD_SHARED_LIBS is on
[36m--[0m Using these message generators: gencpp;geneus;genlisp;gennodejs;genpy
[36m--[0m VLN_planner: 4 messages, 0 services
[33mWARNING: Package name "VLN_planner" does not follow the naming conventions. It should start with a lower case letter and only contain lower case letters, digits, underscores, and dashes.[0m
[31m[1mCMake Error[0m at /opt/ros/noetic/share/catkin/cmake/catkin_package.cmake:196 (message):
  catkin_package() the catkin package 'roscpp' has been find_package()-ed but
  is not listed as a build dependency in the package.xml
[36mCall Stack (most recent call first):[0m
  /opt/ros/noetic/share/catkin/cmake/catkin_package.cmake:102 (_catkin_package)
  CMakeLists.txt:42 (catkin_package)


[36m--[0m Configuring incomplete, errors occurred!
See also "/home/k325/VLN/ros/workspace/build/VLN_planner/CMakeFiles/CMakeOutput.log".
See also "/home/k325/VLN/ros/workspace/build/VLN_planner/CMakeFiles/CMakeError.log".
make: *** [Makefile:1736：cmake_check_build_system] 错误 1
