Symlinking /home/k325/VLN/ros/workspace/devel/include/VLN_planner/ObjectCoordinate.h
Symlinking /home/k325/VLN/ros/workspace/devel/include/VLN_planner/ObjectDetections.h
Symlinking /home/k325/VLN/ros/workspace/devel/include/VLN_planner/ObjectDetection.h
Symlinking /home/k325/VLN/ros/workspace/devel/include/VLN_planner/ObjectCoordinates.h
Symlinking /home/k325/VLN/ros/workspace/devel/share/VLN_planner/cmake/VLN_plannerConfig-version.cmake
Symlinking /home/k325/VLN/ros/workspace/devel/share/VLN_planner/cmake/VLN_planner-msg-extras.cmake
Symlinking /home/k325/VLN/ros/workspace/devel/share/VLN_planner/cmake/VLN_planner-msg-paths.cmake
Symlinking /home/k325/VLN/ros/workspace/devel/share/VLN_planner/cmake/VLN_plannerConfig.cmake
Symlinking /home/k325/VLN/ros/workspace/devel/share/gennodejs/ros/VLN_planner/_index.js
Symlinking /home/k325/VLN/ros/workspace/devel/share/gennodejs/ros/VLN_planner/msg/ObjectDetection.js
Symlinking /home/k325/VLN/ros/workspace/devel/share/gennodejs/ros/VLN_planner/msg/ObjectCoordinates.js
Symlinking /home/k325/VLN/ros/workspace/devel/share/gennodejs/ros/VLN_planner/msg/ObjectDetections.js
Symlinking /home/k325/VLN/ros/workspace/devel/share/gennodejs/ros/VLN_planner/msg/_index.js
Symlinking /home/k325/VLN/ros/workspace/devel/share/gennodejs/ros/VLN_planner/msg/ObjectCoordinate.js
Symlinking /home/k325/VLN/ros/workspace/devel/share/common-lisp/ros/VLN_planner/msg/_package_ObjectCoordinates.lisp
Symlinking /home/k325/VLN/ros/workspace/devel/share/common-lisp/ros/VLN_planner/msg/ObjectDetections.lisp
Symlinking /home/k325/VLN/ros/workspace/devel/share/common-lisp/ros/VLN_planner/msg/_package_ObjectDetection.lisp
Symlinking /home/k325/VLN/ros/workspace/devel/share/common-lisp/ros/VLN_planner/msg/ObjectDetection.lisp
Symlinking /home/k325/VLN/ros/workspace/devel/share/common-lisp/ros/VLN_planner/msg/_package_ObjectDetections.lisp
Symlinking /home/k325/VLN/ros/workspace/devel/share/common-lisp/ros/VLN_planner/msg/ObjectCoordinate.lisp
Symlinking /home/k325/VLN/ros/workspace/devel/share/common-lisp/ros/VLN_planner/msg/VLN_planner-msg.asd
Symlinking /home/k325/VLN/ros/workspace/devel/share/common-lisp/ros/VLN_planner/msg/_package.lisp
Symlinking /home/k325/VLN/ros/workspace/devel/share/common-lisp/ros/VLN_planner/msg/ObjectCoordinates.lisp
Symlinking /home/k325/VLN/ros/workspace/devel/share/common-lisp/ros/VLN_planner/msg/_package_ObjectCoordinate.lisp
Symlinking /home/k325/VLN/ros/workspace/devel/share/roseus/ros/VLN_planner/manifest.l
Symlinking /home/k325/VLN/ros/workspace/devel/share/roseus/ros/VLN_planner/msg/ObjectDetection.l
Symlinking /home/k325/VLN/ros/workspace/devel/share/roseus/ros/VLN_planner/msg/ObjectDetections.l
Symlinking /home/k325/VLN/ros/workspace/devel/share/roseus/ros/VLN_planner/msg/ObjectCoordinates.l
Symlinking /home/k325/VLN/ros/workspace/devel/share/roseus/ros/VLN_planner/msg/ObjectCoordinate.l
Symlinking /home/k325/VLN/ros/workspace/devel/lib/python3/dist-packages/VLN_planner/__init__.py
Symlinking /home/k325/VLN/ros/workspace/devel/lib/python3/dist-packages/VLN_planner/msg/_ObjectDetections.py
Symlinking /home/k325/VLN/ros/workspace/devel/lib/python3/dist-packages/VLN_planner/msg/__init__.py
Symlinking /home/k325/VLN/ros/workspace/devel/lib/python3/dist-packages/VLN_planner/msg/_ObjectDetection.py
Symlinking /home/k325/VLN/ros/workspace/devel/lib/python3/dist-packages/VLN_planner/msg/_ObjectCoordinates.py
Symlinking /home/k325/VLN/ros/workspace/devel/lib/python3/dist-packages/VLN_planner/msg/_ObjectCoordinate.py
Symlinking /home/k325/VLN/ros/workspace/devel/lib/VLN_planner/yolo_detection_node.py
Symlinking /home/k325/VLN/ros/workspace/devel/lib/VLN_planner/vln_goal.py
Symlinking /home/k325/VLN/ros/workspace/devel/lib/VLN_planner/a_star_planner_node
Symlinking /home/k325/VLN/ros/workspace/devel/lib/pkgconfig/VLN_planner.pc
