[  0%] Built target geometry_msgs_generate_messages_cpp
[  0%] Built target std_msgs_generate_messages_lisp
[  0%] Built target sensor_msgs_generate_messages_lisp
[  0%] Built target std_msgs_generate_messages_cpp
[  0%] Built target std_msgs_generate_messages_py
[  0%] Built target sensor_msgs_generate_messages_cpp
[  0%] Built target geometry_msgs_generate_messages_lisp
[  0%] Built target sensor_msgs_generate_messages_py
[  0%] Built target sensor_msgs_generate_messages_nodejs
[  0%] Built target geometry_msgs_generate_messages_py
[  0%] Built target std_msgs_generate_messages_nodejs
[  0%] Built target geometry_msgs_generate_messages_nodejs
[35m[1mScanning dependencies of target a_star_planner_node[0m
[  0%] Built target sensor_msgs_generate_messages_eus
[  0%] Built target geometry_msgs_generate_messages_eus
[  0%] Built target std_msgs_generate_messages_eus
[  4%] Built target _VLN_planner_generate_messages_check_deps_ObjectDetection
[  4%] Built target _VLN_planner_generate_messages_check_deps_ObjectCoordinates
[  4%] [32mBuilding CXX object CMakeFiles/a_star_planner_node.dir/src/a_star_planner.cpp.o[0m
[  4%] Built target _VLN_planner_generate_messages_check_deps_ObjectCoordinate
[  4%] Built target _VLN_planner_generate_messages_check_deps_ObjectDetections
[ 25%] Built target VLN_planner_generate_messages_py
[ 54%] Built target VLN_planner_generate_messages_cpp
[ 58%] Built target VLN_planner_generate_messages_nodejs
[ 75%] Built target VLN_planner_generate_messages_lisp
[ 95%] Built target VLN_planner_generate_messages_eus
[ 95%] Built target VLN_planner_generate_messages
[01m[K/home/k325/VLN/ros/workspace/src/VLN_planner/src/a_star_planner.cpp:[m[K In function ‘[01m[Kvoid cloudCallback(const ConstPtr&)[m[K’:
[01m[K/home/k325/VLN/ros/workspace/src/VLN_planner/src/a_star_planner.cpp:82:21:[m[K [01;31m[Kerror: [m[K‘[01m[Kcloud[m[K’ was not declared in this scope
   82 |     for (auto &pt : [01;31m[Kcloud[m[K->points) {
      |                     [01;31m[K^~~~~[m[K
make[2]: *** [CMakeFiles/a_star_planner_node.dir/build.make:63：CMakeFiles/a_star_planner_node.dir/src/a_star_planner.cpp.o] 错误 1
make[1]: *** [CMakeFiles/Makefile2:2757：CMakeFiles/a_star_planner_node.dir/all] 错误 2
make: *** [Makefile:141：all] 错误 2
