Linked: (/home/k325/VLN/ros/workspace/devel/.private/VLN_planner/include/VLN_planner/ObjectCoordinate.h, /home/k325/VLN/ros/workspace/devel/include/VLN_planner/ObjectCoordinate.h)
Linked: (/home/k325/VLN/ros/workspace/devel/.private/VLN_planner/include/VLN_planner/ObjectDetections.h, /home/k325/VLN/ros/workspace/devel/include/VLN_planner/ObjectDetections.h)
Linked: (/home/k325/VLN/ros/workspace/devel/.private/VLN_planner/include/VLN_planner/ObjectDetection.h, /home/k325/VLN/ros/workspace/devel/include/VLN_planner/ObjectDetection.h)
Linked: (/home/k325/VLN/ros/workspace/devel/.private/VLN_planner/include/VLN_planner/ObjectCoordinates.h, /home/k325/VLN/ros/workspace/devel/include/VLN_planner/ObjectCoordinates.h)
Linked: (/home/k325/VLN/ros/workspace/devel/.private/VLN_planner/share/VLN_planner/cmake/VLN_plannerConfig-version.cmake, /home/k325/VLN/ros/workspace/devel/share/VLN_planner/cmake/VLN_plannerConfig-version.cmake)
Linked: (/home/k325/VLN/ros/workspace/devel/.private/VLN_planner/share/VLN_planner/cmake/VLN_planner-msg-extras.cmake, /home/k325/VLN/ros/workspace/devel/share/VLN_planner/cmake/VLN_planner-msg-extras.cmake)
Linked: (/home/k325/VLN/ros/workspace/devel/.private/VLN_planner/share/VLN_planner/cmake/VLN_planner-msg-paths.cmake, /home/k325/VLN/ros/workspace/devel/share/VLN_planner/cmake/VLN_planner-msg-paths.cmake)
Linked: (/home/k325/VLN/ros/workspace/devel/.private/VLN_planner/share/VLN_planner/cmake/VLN_plannerConfig.cmake, /home/k325/VLN/ros/workspace/devel/share/VLN_planner/cmake/VLN_plannerConfig.cmake)
Linked: (/home/k325/VLN/ros/workspace/devel/.private/VLN_planner/share/gennodejs/ros/VLN_planner/_index.js, /home/k325/VLN/ros/workspace/devel/share/gennodejs/ros/VLN_planner/_index.js)
Linked: (/home/k325/VLN/ros/workspace/devel/.private/VLN_planner/share/gennodejs/ros/VLN_planner/msg/ObjectDetection.js, /home/k325/VLN/ros/workspace/devel/share/gennodejs/ros/VLN_planner/msg/ObjectDetection.js)
Linked: (/home/k325/VLN/ros/workspace/devel/.private/VLN_planner/share/gennodejs/ros/VLN_planner/msg/ObjectCoordinates.js, /home/k325/VLN/ros/workspace/devel/share/gennodejs/ros/VLN_planner/msg/ObjectCoordinates.js)
Linked: (/home/k325/VLN/ros/workspace/devel/.private/VLN_planner/share/gennodejs/ros/VLN_planner/msg/ObjectDetections.js, /home/k325/VLN/ros/workspace/devel/share/gennodejs/ros/VLN_planner/msg/ObjectDetections.js)
Linked: (/home/k325/VLN/ros/workspace/devel/.private/VLN_planner/share/gennodejs/ros/VLN_planner/msg/_index.js, /home/k325/VLN/ros/workspace/devel/share/gennodejs/ros/VLN_planner/msg/_index.js)
Linked: (/home/k325/VLN/ros/workspace/devel/.private/VLN_planner/share/gennodejs/ros/VLN_planner/msg/ObjectCoordinate.js, /home/k325/VLN/ros/workspace/devel/share/gennodejs/ros/VLN_planner/msg/ObjectCoordinate.js)
Linked: (/home/k325/VLN/ros/workspace/devel/.private/VLN_planner/share/common-lisp/ros/VLN_planner/msg/_package_ObjectCoordinates.lisp, /home/k325/VLN/ros/workspace/devel/share/common-lisp/ros/VLN_planner/msg/_package_ObjectCoordinates.lisp)
Linked: (/home/k325/VLN/ros/workspace/devel/.private/VLN_planner/share/common-lisp/ros/VLN_planner/msg/ObjectDetections.lisp, /home/k325/VLN/ros/workspace/devel/share/common-lisp/ros/VLN_planner/msg/ObjectDetections.lisp)
Linked: (/home/k325/VLN/ros/workspace/devel/.private/VLN_planner/share/common-lisp/ros/VLN_planner/msg/_package_ObjectDetection.lisp, /home/k325/VLN/ros/workspace/devel/share/common-lisp/ros/VLN_planner/msg/_package_ObjectDetection.lisp)
Linked: (/home/k325/VLN/ros/workspace/devel/.private/VLN_planner/share/common-lisp/ros/VLN_planner/msg/ObjectDetection.lisp, /home/k325/VLN/ros/workspace/devel/share/common-lisp/ros/VLN_planner/msg/ObjectDetection.lisp)
Linked: (/home/k325/VLN/ros/workspace/devel/.private/VLN_planner/share/common-lisp/ros/VLN_planner/msg/_package_ObjectDetections.lisp, /home/k325/VLN/ros/workspace/devel/share/common-lisp/ros/VLN_planner/msg/_package_ObjectDetections.lisp)
Linked: (/home/k325/VLN/ros/workspace/devel/.private/VLN_planner/share/common-lisp/ros/VLN_planner/msg/ObjectCoordinate.lisp, /home/k325/VLN/ros/workspace/devel/share/common-lisp/ros/VLN_planner/msg/ObjectCoordinate.lisp)
Linked: (/home/k325/VLN/ros/workspace/devel/.private/VLN_planner/share/common-lisp/ros/VLN_planner/msg/VLN_planner-msg.asd, /home/k325/VLN/ros/workspace/devel/share/common-lisp/ros/VLN_planner/msg/VLN_planner-msg.asd)
Linked: (/home/k325/VLN/ros/workspace/devel/.private/VLN_planner/share/common-lisp/ros/VLN_planner/msg/_package.lisp, /home/k325/VLN/ros/workspace/devel/share/common-lisp/ros/VLN_planner/msg/_package.lisp)
Linked: (/home/k325/VLN/ros/workspace/devel/.private/VLN_planner/share/common-lisp/ros/VLN_planner/msg/ObjectCoordinates.lisp, /home/k325/VLN/ros/workspace/devel/share/common-lisp/ros/VLN_planner/msg/ObjectCoordinates.lisp)
Linked: (/home/k325/VLN/ros/workspace/devel/.private/VLN_planner/share/common-lisp/ros/VLN_planner/msg/_package_ObjectCoordinate.lisp, /home/k325/VLN/ros/workspace/devel/share/common-lisp/ros/VLN_planner/msg/_package_ObjectCoordinate.lisp)
Linked: (/home/k325/VLN/ros/workspace/devel/.private/VLN_planner/share/roseus/ros/VLN_planner/manifest.l, /home/k325/VLN/ros/workspace/devel/share/roseus/ros/VLN_planner/manifest.l)
Linked: (/home/k325/VLN/ros/workspace/devel/.private/VLN_planner/share/roseus/ros/VLN_planner/msg/ObjectDetection.l, /home/k325/VLN/ros/workspace/devel/share/roseus/ros/VLN_planner/msg/ObjectDetection.l)
Linked: (/home/k325/VLN/ros/workspace/devel/.private/VLN_planner/share/roseus/ros/VLN_planner/msg/ObjectDetections.l, /home/k325/VLN/ros/workspace/devel/share/roseus/ros/VLN_planner/msg/ObjectDetections.l)
Linked: (/home/k325/VLN/ros/workspace/devel/.private/VLN_planner/share/roseus/ros/VLN_planner/msg/ObjectCoordinates.l, /home/k325/VLN/ros/workspace/devel/share/roseus/ros/VLN_planner/msg/ObjectCoordinates.l)
Linked: (/home/k325/VLN/ros/workspace/devel/.private/VLN_planner/share/roseus/ros/VLN_planner/msg/ObjectCoordinate.l, /home/k325/VLN/ros/workspace/devel/share/roseus/ros/VLN_planner/msg/ObjectCoordinate.l)
Linked: (/home/k325/VLN/ros/workspace/devel/.private/VLN_planner/lib/python3/dist-packages/VLN_planner/__init__.py, /home/k325/VLN/ros/workspace/devel/lib/python3/dist-packages/VLN_planner/__init__.py)
Linked: (/home/k325/VLN/ros/workspace/devel/.private/VLN_planner/lib/python3/dist-packages/VLN_planner/msg/_ObjectDetections.py, /home/k325/VLN/ros/workspace/devel/lib/python3/dist-packages/VLN_planner/msg/_ObjectDetections.py)
Linked: (/home/k325/VLN/ros/workspace/devel/.private/VLN_planner/lib/python3/dist-packages/VLN_planner/msg/__init__.py, /home/k325/VLN/ros/workspace/devel/lib/python3/dist-packages/VLN_planner/msg/__init__.py)
Linked: (/home/k325/VLN/ros/workspace/devel/.private/VLN_planner/lib/python3/dist-packages/VLN_planner/msg/_ObjectDetection.py, /home/k325/VLN/ros/workspace/devel/lib/python3/dist-packages/VLN_planner/msg/_ObjectDetection.py)
Linked: (/home/k325/VLN/ros/workspace/devel/.private/VLN_planner/lib/python3/dist-packages/VLN_planner/msg/_ObjectCoordinates.py, /home/k325/VLN/ros/workspace/devel/lib/python3/dist-packages/VLN_planner/msg/_ObjectCoordinates.py)
Linked: (/home/k325/VLN/ros/workspace/devel/.private/VLN_planner/lib/python3/dist-packages/VLN_planner/msg/_ObjectCoordinate.py, /home/k325/VLN/ros/workspace/devel/lib/python3/dist-packages/VLN_planner/msg/_ObjectCoordinate.py)
Linked: (/home/k325/VLN/ros/workspace/devel/.private/VLN_planner/lib/VLN_planner/yolo_detection_node.py, /home/k325/VLN/ros/workspace/devel/lib/VLN_planner/yolo_detection_node.py)
Linked: (/home/k325/VLN/ros/workspace/devel/.private/VLN_planner/lib/VLN_planner/vln_goal.py, /home/k325/VLN/ros/workspace/devel/lib/VLN_planner/vln_goal.py)
Linked: (/home/k325/VLN/ros/workspace/devel/.private/VLN_planner/lib/VLN_planner/a_star_planner_node, /home/k325/VLN/ros/workspace/devel/lib/VLN_planner/a_star_planner_node)
Linked: (/home/k325/VLN/ros/workspace/devel/.private/VLN_planner/lib/pkgconfig/VLN_planner.pc, /home/k325/VLN/ros/workspace/devel/lib/pkgconfig/VLN_planner.pc)
