[35m[1mScanning dependencies of target _vln_planner_generate_messages_check_deps_ObjectCoordinates[0m
[35m[1mScanning dependencies of target _vln_planner_generate_messages_check_deps_ObjectDetections[0m
[35m[1mScanning dependencies of target std_msgs_generate_messages_eus[0m
[35m[1mScanning dependencies of target _vln_planner_generate_messages_check_deps_ObjectCoordinate[0m
[35m[1mScanning dependencies of target _vln_planner_generate_messages_check_deps_ObjectDetection[0m
[35m[1mScanning dependencies of target geometry_msgs_generate_messages_nodejs[0m
[35m[1mScanning dependencies of target sensor_msgs_generate_messages_eus[0m
[35m[1mScanning dependencies of target std_msgs_generate_messages_nodejs[0m
[35m[1mScanning dependencies of target sensor_msgs_generate_messages_nodejs[0m
[35m[1mScanning dependencies of target sensor_msgs_generate_messages_cpp[0m
[35m[1mScanning dependencies of target std_msgs_generate_messages_cpp[0m
[35m[1mScanning dependencies of target geometry_msgs_generate_messages_py[0m
[35m[1mScanning dependencies of target geometry_msgs_generate_messages_lisp[0m
[35m[1mScanning dependencies of target geometry_msgs_generate_messages_cpp[0m
[35m[1mScanning dependencies of target geometry_msgs_generate_messages_eus[0m
[35m[1mScanning dependencies of target a_star_planner_node[0m
[35m[1mScanning dependencies of target sensor_msgs_generate_messages_lisp[0m
[35m[1mScanning dependencies of target std_msgs_generate_messages_py[0m
[35m[1mScanning dependencies of target sensor_msgs_generate_messages_py[0m
[35m[1mScanning dependencies of target std_msgs_generate_messages_lisp[0m
[  0%] Built target geometry_msgs_generate_messages_nodejs
[  0%] Built target std_msgs_generate_messages_nodejs
[  0%] Built target std_msgs_generate_messages_eus
[  0%] Built target std_msgs_generate_messages_cpp
[  0%] Built target sensor_msgs_generate_messages_eus
[  0%] Built target sensor_msgs_generate_messages_cpp
[  0%] Built target geometry_msgs_generate_messages_lisp
[  0%] Built target sensor_msgs_generate_messages_nodejs
[  0%] Built target geometry_msgs_generate_messages_cpp
[  0%] Built target geometry_msgs_generate_messages_eus
[  0%] Built target sensor_msgs_generate_messages_lisp
[  0%] Built target std_msgs_generate_messages_py
[  0%] Built target sensor_msgs_generate_messages_py
[  0%] Built target geometry_msgs_generate_messages_py
[  0%] Built target std_msgs_generate_messages_lisp
[  0%] Built target _vln_planner_generate_messages_check_deps_ObjectCoordinate
[  0%] Built target _vln_planner_generate_messages_check_deps_ObjectCoordinates
[  0%] Built target _vln_planner_generate_messages_check_deps_ObjectDetections
[  0%] Built target _vln_planner_generate_messages_check_deps_ObjectDetection
[35m[1mScanning dependencies of target vln_planner_generate_messages_eus[0m
[35m[1mScanning dependencies of target vln_planner_generate_messages_nodejs[0m
[35m[1mScanning dependencies of target vln_planner_generate_messages_cpp[0m
[35m[1mScanning dependencies of target vln_planner_generate_messages_py[0m
[35m[1mScanning dependencies of target vln_planner_generate_messages_lisp[0m
[ 54%] [34m[1mGenerating EusLisp code from vln_planner/ObjectCoordinate.msg[0m
[ 54%] [34m[1mGenerating Javascript code from vln_planner/ObjectDetection.msg[0m
[ 54%] [34m[1mGenerating Javascript code from vln_planner/ObjectDetections.msg[0m
[ 54%] [34m[1mGenerating Python from MSG vln_planner/ObjectDetection[0m
[ 54%] [34m[1mGenerating Lisp code from vln_planner/ObjectCoordinate.msg[0m
[ 54%] [34m[1mGenerating Python from MSG vln_planner/ObjectDetections[0m
[ 54%] [34m[1mGenerating EusLisp code from vln_planner/ObjectDetections.msg[0m
[ 54%] [34m[1mGenerating C++ code from vln_planner/ObjectDetection.msg[0m
[ 54%] [34m[1mGenerating EusLisp code from vln_planner/ObjectDetection.msg[0m
[ 54%] [34m[1mGenerating Javascript code from vln_planner/ObjectCoordinate.msg[0m
[ 54%] [34m[1mGenerating EusLisp code from vln_planner/ObjectCoordinates.msg[0m
[ 54%] [34m[1mGenerating Python from MSG vln_planner/ObjectCoordinate[0m
[ 58%] [34m[1mGenerating C++ code from vln_planner/ObjectDetections.msg[0m
[ 62%] [34m[1mGenerating C++ code from vln_planner/ObjectCoordinate.msg[0m
[ 70%] [34m[1mGenerating Lisp code from vln_planner/ObjectDetections.msg[0m
[ 54%] [34m[1mGenerating Python from MSG vln_planner/ObjectCoordinates[0m
[ 79%] [34m[1mGenerating Javascript code from vln_planner/ObjectCoordinates.msg[0m
[ 70%] [34m[1mGenerating C++ code from vln_planner/ObjectCoordinates.msg[0m
[ 79%] [34m[1mGenerating Lisp code from vln_planner/ObjectDetection.msg[0m
[ 83%] [32mBuilding CXX object CMakeFiles/a_star_planner_node.dir/src/a_star_planner.cpp.o[0m
[ 91%] [34m[1mGenerating EusLisp manifest code for vln_planner[0m
[ 91%] [34m[1mGenerating Lisp code from vln_planner/ObjectCoordinates.msg[0m
[ 91%] Built target vln_planner_generate_messages_nodejs
[ 91%] Built target vln_planner_generate_messages_lisp
[ 91%] Built target vln_planner_generate_messages_cpp
[ 95%] [34m[1mGenerating Python msg __init__.py for vln_planner[0m
[ 95%] Built target vln_planner_generate_messages_py
[ 95%] Built target vln_planner_generate_messages_eus
[35m[1mScanning dependencies of target vln_planner_generate_messages[0m
[ 95%] Built target vln_planner_generate_messages
[100%] [32m[1mLinking CXX executable /home/k325/VLN/ros/workspace/devel/.private/vln_planner/lib/vln_planner/a_star_planner_node[0m
[100%] Built target a_star_planner_node
