[  0%] Built target sensor_msgs_generate_messages_nodejs
[  0%] Built target std_msgs_generate_messages_cpp
[  0%] Built target std_msgs_generate_messages_nodejs
[  0%] Built target std_msgs_generate_messages_py
[  0%] Built target geometry_msgs_generate_messages_py
[  0%] Built target sensor_msgs_generate_messages_eus
[  0%] Built target sensor_msgs_generate_messages_cpp
[  0%] Built target geometry_msgs_generate_messages_nodejs
[  0%] Built target std_msgs_generate_messages_eus
[  0%] Built target sensor_msgs_generate_messages_lisp
[  0%] Built target std_msgs_generate_messages_lisp
[  0%] Built target geometry_msgs_generate_messages_cpp
[  0%] Built target sensor_msgs_generate_messages_py
[  0%] Built target geometry_msgs_generate_messages_eus
[  0%] Built target geometry_msgs_generate_messages_lisp
[  0%] Built target _yolo_detection_package_generate_messages_check_deps_ObjectCoordinate
[  0%] Built target _yolo_detection_package_generate_messages_check_deps_ObjectDetections
[  0%] Built target _yolo_detection_package_generate_messages_check_deps_ObjectDetection
[  0%] Built target _yolo_detection_package_generate_messages_check_deps_ObjectCoordinates
[ 18%] Built target yolo_detection_package_generate_messages_nodejs
[ 54%] Built target yolo_detection_package_generate_messages_lisp
[ 54%] Built target yolo_detection_package_generate_messages_cpp
[100%] Built target yolo_detection_package_generate_messages_eus
[100%] Built target yolo_detection_package_generate_messages_py
[100%] Built target yolo_detection_package_generate_messages
