Not searching for unused variables given on the command line.
[36m--[0m The C compiler identification is GNU 9.4.0
[36m--[0m The CXX compiler identification is GNU 9.4.0
[36m--[0m Check for working C compiler: /usr/bin/cc
[36m--[0m Check for working C compiler: /usr/bin/cc -- works
[36m--[0m Detecting C compiler ABI info
[36m--[0m Detecting C compiler ABI info - done
[36m--[0m Detecting C compile features
[36m--[0m Detecting C compile features - done
[36m--[0m Check for working CXX compiler: /usr/bin/c++
[36m--[0m Check for working CXX compiler: /usr/bin/c++ -- works
[36m--[0m Detecting CXX compiler ABI info
[36m--[0m Detecting CXX compiler ABI info - done
[36m--[0m Detecting CXX compile features
[36m--[0m Detecting CXX compile features - done
[36m--[0m Using CATKIN_DEVEL_PREFIX: /home/k325/VLN/ros/workspace/devel/.private/yolo_detection_package
[36m--[0m Using CMAKE_PREFIX_PATH: /home/k325/VLN/ros/workspace/devel;/opt/ros/noetic
[36m--[0m This workspace overlays: /home/k325/VLN/ros/workspace/devel;/opt/ros/noetic
[36m--[0m Found PythonInterp: /home/k325/miniconda3/envs/vln/bin/python3 (found suitable version "3.8.20", minimum required is "3")
[36m--[0m Using PYTHON_EXECUTABLE: /home/k325/miniconda3/envs/vln/bin/python3
[36m--[0m Using Debian Python package layout
[36m--[0m Found PY_em: /home/k325/miniconda3/envs/vln/lib/python3.8/site-packages/em.py
[36m--[0m Using empy: /home/k325/miniconda3/envs/vln/lib/python3.8/site-packages/em.py
[36m--[0m Using CATKIN_ENABLE_TESTING: ON
[36m--[0m Call enable_testing()
[36m--[0m Using CATKIN_TEST_RESULTS_DIR: /home/k325/VLN/ros/workspace/build/yolo_detection_package/test_results
[36m--[0m Forcing gtest/gmock from source, though one was otherwise available.
[36m--[0m Found gtest sources under '/usr/src/googletest': gtests will be built
[36m--[0m Found gmock sources under '/usr/src/googletest': gmock will be built
[36m--[0m Found PythonInterp: /home/k325/miniconda3/envs/vln/bin/python3 (found version "3.8.20")
[36m--[0m Found Threads: TRUE
[36m--[0m Using Python nosetests: /usr/bin/nosetests3
[36m--[0m catkin 0.8.12
[36m--[0m BUILD_SHARED_LIBS is on
[36m--[0m Using these message generators: gencpp;geneus;genlisp;gennodejs;genpy
[36m--[0m VLN_planner: 4 messages, 0 services
[31m[1mCMake Error[0m at /opt/ros/noetic/share/catkin/cmake/catkin_package_xml.cmake:54 (message):
  catkin_package_xml() package name 'yolo_detection_package' in
  '/home/k325/VLN/ros/workspace/src/VLN_planner/package.xml' does not match
  current PROJECT_NAME 'VLN_planner'.  You must call project() with the same
  package name before.
[36mCall Stack (most recent call first):[0m
  /opt/ros/noetic/share/catkin/cmake/catkin_package.cmake:99 (catkin_package_xml)
  CMakeLists.txt:40 (catkin_package)


[36m--[0m Configuring incomplete, errors occurred!
See also "/home/k325/VLN/ros/workspace/build/yolo_detection_package/CMakeFiles/CMakeOutput.log".
See also "/home/k325/VLN/ros/workspace/build/yolo_detection_package/CMakeFiles/CMakeError.log".
