Symlinking /home/k325/VLN/ros/workspace/devel/include/yolo_detection_package/ObjectCoordinate.h
Symlinking /home/k325/VLN/ros/workspace/devel/include/yolo_detection_package/ObjectDetections.h
Symlinking /home/k325/VLN/ros/workspace/devel/include/yolo_detection_package/ObjectDetection.h
Symlinking /home/k325/VLN/ros/workspace/devel/include/yolo_detection_package/ObjectCoordinates.h
Symlinking /home/k325/VLN/ros/workspace/devel/share/gennodejs/ros/yolo_detection_package/_index.js
Symlinking /home/k325/VLN/ros/workspace/devel/share/gennodejs/ros/yolo_detection_package/msg/ObjectDetection.js
Symlinking /home/k325/VLN/ros/workspace/devel/share/gennodejs/ros/yolo_detection_package/msg/ObjectCoordinates.js
Symlinking /home/k325/VLN/ros/workspace/devel/share/gennodejs/ros/yolo_detection_package/msg/ObjectDetections.js
Symlinking /home/k325/VLN/ros/workspace/devel/share/gennodejs/ros/yolo_detection_package/msg/_index.js
Symlinking /home/k325/VLN/ros/workspace/devel/share/gennodejs/ros/yolo_detection_package/msg/ObjectCoordinate.js
Symlinking /home/k325/VLN/ros/workspace/devel/share/common-lisp/ros/yolo_detection_package/msg/_package_ObjectCoordinates.lisp
Symlinking /home/k325/VLN/ros/workspace/devel/share/common-lisp/ros/yolo_detection_package/msg/ObjectDetections.lisp
Symlinking /home/k325/VLN/ros/workspace/devel/share/common-lisp/ros/yolo_detection_package/msg/yolo_detection_package-msg.asd
Symlinking /home/k325/VLN/ros/workspace/devel/share/common-lisp/ros/yolo_detection_package/msg/_package_ObjectDetection.lisp
Symlinking /home/k325/VLN/ros/workspace/devel/share/common-lisp/ros/yolo_detection_package/msg/ObjectDetection.lisp
Symlinking /home/k325/VLN/ros/workspace/devel/share/common-lisp/ros/yolo_detection_package/msg/_package_ObjectDetections.lisp
Symlinking /home/k325/VLN/ros/workspace/devel/share/common-lisp/ros/yolo_detection_package/msg/ObjectCoordinate.lisp
Symlinking /home/k325/VLN/ros/workspace/devel/share/common-lisp/ros/yolo_detection_package/msg/_package.lisp
Symlinking /home/k325/VLN/ros/workspace/devel/share/common-lisp/ros/yolo_detection_package/msg/ObjectCoordinates.lisp
Symlinking /home/k325/VLN/ros/workspace/devel/share/common-lisp/ros/yolo_detection_package/msg/_package_ObjectCoordinate.lisp
Symlinking /home/k325/VLN/ros/workspace/devel/share/yolo_detection_package/cmake/yolo_detection_package-msg-extras.cmake
Symlinking /home/k325/VLN/ros/workspace/devel/share/yolo_detection_package/cmake/yolo_detection_packageConfig.cmake
Symlinking /home/k325/VLN/ros/workspace/devel/share/yolo_detection_package/cmake/yolo_detection_package-msg-paths.cmake
Symlinking /home/k325/VLN/ros/workspace/devel/share/yolo_detection_package/cmake/yolo_detection_packageConfig-version.cmake
Symlinking /home/k325/VLN/ros/workspace/devel/share/roseus/ros/yolo_detection_package/manifest.l
Symlinking /home/k325/VLN/ros/workspace/devel/share/roseus/ros/yolo_detection_package/msg/ObjectDetection.l
Symlinking /home/k325/VLN/ros/workspace/devel/share/roseus/ros/yolo_detection_package/msg/ObjectDetections.l
Symlinking /home/k325/VLN/ros/workspace/devel/share/roseus/ros/yolo_detection_package/msg/ObjectCoordinates.l
Symlinking /home/k325/VLN/ros/workspace/devel/share/roseus/ros/yolo_detection_package/msg/ObjectCoordinate.l
Symlinking /home/k325/VLN/ros/workspace/devel/lib/python3/dist-packages/yolo_detection_package/__init__.py
Symlinking /home/k325/VLN/ros/workspace/devel/lib/python3/dist-packages/yolo_detection_package/msg/_ObjectDetections.py
Symlinking /home/k325/VLN/ros/workspace/devel/lib/python3/dist-packages/yolo_detection_package/msg/__init__.py
Symlinking /home/k325/VLN/ros/workspace/devel/lib/python3/dist-packages/yolo_detection_package/msg/_ObjectDetection.py
Symlinking /home/k325/VLN/ros/workspace/devel/lib/python3/dist-packages/yolo_detection_package/msg/_ObjectCoordinates.py
Symlinking /home/k325/VLN/ros/workspace/devel/lib/python3/dist-packages/yolo_detection_package/msg/_ObjectCoordinate.py
Symlinking /home/k325/VLN/ros/workspace/devel/lib/pkgconfig/yolo_detection_package.pc
Symlinking /home/k325/VLN/ros/workspace/devel/lib/yolo_detection_package/yolo_detection_node.py
Symlinking /home/k325/VLN/ros/workspace/devel/lib/yolo_detection_package/vln_goal.py
