[35m[1mScanning dependencies of target geometry_msgs_generate_messages_nodejs[0m
[35m[1mScanning dependencies of target _yolo_detection_package_generate_messages_check_deps_ObjectDetection[0m
[35m[1mScanning dependencies of target _yolo_detection_package_generate_messages_check_deps_ObjectDetections[0m
[35m[1mScanning dependencies of target std_msgs_generate_messages_cpp[0m
[35m[1mScanning dependencies of target _yolo_detection_package_generate_messages_check_deps_ObjectCoordinates[0m
[35m[1mScanning dependencies of target geometry_msgs_generate_messages_cpp[0m
[35m[1mScanning dependencies of target sensor_msgs_generate_messages_lisp[0m
[35m[1mScanning dependencies of target std_msgs_generate_messages_nodejs[0m
[35m[1mScanning dependencies of target geometry_msgs_generate_messages_lisp[0m
[35m[1mScanning dependencies of target std_msgs_generate_messages_lisp[0m
[35m[1mScanning dependencies of target sensor_msgs_generate_messages_cpp[0m
[35m[1mScanning dependencies of target sensor_msgs_generate_messages_nodejs[0m
[35m[1mScanning dependencies of target geometry_msgs_generate_messages_py[0m
[35m[1mScanning dependencies of target _yolo_detection_package_generate_messages_check_deps_ObjectCoordinate[0m
[35m[1mScanning dependencies of target std_msgs_generate_messages_py[0m
[35m[1mScanning dependencies of target sensor_msgs_generate_messages_py[0m
[  0%] Built target geometry_msgs_generate_messages_nodejs
[  0%] Built target std_msgs_generate_messages_cpp
[  0%] Built target geometry_msgs_generate_messages_cpp
[  0%] Built target sensor_msgs_generate_messages_cpp
[  0%] Built target geometry_msgs_generate_messages_lisp
[  0%] Built target sensor_msgs_generate_messages_nodejs
[  0%] Built target std_msgs_generate_messages_lisp
[  0%] Built target std_msgs_generate_messages_nodejs
[  0%] Built target std_msgs_generate_messages_py
[  0%] Built target sensor_msgs_generate_messages_py
[  0%] Built target sensor_msgs_generate_messages_lisp
[  0%] Built target geometry_msgs_generate_messages_py
[35m[1mScanning dependencies of target geometry_msgs_generate_messages_eus[0m
[35m[1mScanning dependencies of target sensor_msgs_generate_messages_eus[0m
[35m[1mScanning dependencies of target std_msgs_generate_messages_eus[0m
[  0%] Built target geometry_msgs_generate_messages_eus
[  0%] Built target std_msgs_generate_messages_eus
[  0%] Built target sensor_msgs_generate_messages_eus
[  0%] Built target _yolo_detection_package_generate_messages_check_deps_ObjectDetections
[  0%] Built target _yolo_detection_package_generate_messages_check_deps_ObjectCoordinates
[  0%] Built target _yolo_detection_package_generate_messages_check_deps_ObjectCoordinate
[  0%] Built target _yolo_detection_package_generate_messages_check_deps_ObjectDetection
[35m[1mScanning dependencies of target yolo_detection_package_generate_messages_nodejs[0m
[35m[1mScanning dependencies of target yolo_detection_package_generate_messages_eus[0m
[35m[1mScanning dependencies of target yolo_detection_package_generate_messages_lisp[0m
[35m[1mScanning dependencies of target yolo_detection_package_generate_messages_cpp[0m
[35m[1mScanning dependencies of target yolo_detection_package_generate_messages_py[0m
[ 22%] [34m[1mGenerating Lisp code from yolo_detection_package/ObjectCoordinate.msg[0m
[ 22%] [34m[1mGenerating EusLisp code from yolo_detection_package/ObjectDetections.msg[0m
[ 31%] [34m[1mGenerating Lisp code from yolo_detection_package/ObjectDetection.msg[0m
[ 31%] [34m[1mGenerating C++ code from yolo_detection_package/ObjectDetection.msg[0m
[ 22%] [34m[1mGenerating Javascript code from yolo_detection_package/ObjectDetection.msg[0m
[ 22%] [34m[1mGenerating Javascript code from yolo_detection_package/ObjectDetections.msg[0m
[ 22%] [34m[1mGenerating Javascript code from yolo_detection_package/ObjectCoordinate.msg[0m
[ 36%] [34m[1mGenerating Javascript code from yolo_detection_package/ObjectCoordinates.msg[0m
[ 40%] [34m[1mGenerating Python from MSG yolo_detection_package/ObjectDetection[0m
[ 45%] [34m[1mGenerating C++ code from yolo_detection_package/ObjectCoordinate.msg[0m
[ 50%] [34m[1mGenerating C++ code from yolo_detection_package/ObjectDetections.msg[0m
[ 54%] [34m[1mGenerating EusLisp code from yolo_detection_package/ObjectCoordinates.msg[0m
[ 63%] [34m[1mGenerating Lisp code from yolo_detection_package/ObjectDetections.msg[0m
[ 63%] [34m[1mGenerating EusLisp code from yolo_detection_package/ObjectCoordinate.msg[0m
[ 68%] [34m[1mGenerating EusLisp code from yolo_detection_package/ObjectDetection.msg[0m
[ 72%] [34m[1mGenerating C++ code from yolo_detection_package/ObjectCoordinates.msg[0m
[ 77%] [34m[1mGenerating Python from MSG yolo_detection_package/ObjectDetections[0m
[ 81%] [34m[1mGenerating Lisp code from yolo_detection_package/ObjectCoordinates.msg[0m
[ 86%] [34m[1mGenerating Python from MSG yolo_detection_package/ObjectCoordinates[0m
[ 90%] [34m[1mGenerating Python from MSG yolo_detection_package/ObjectCoordinate[0m
[ 95%] [34m[1mGenerating EusLisp manifest code for yolo_detection_package[0m
[ 95%] Built target yolo_detection_package_generate_messages_nodejs
[ 95%] Built target yolo_detection_package_generate_messages_lisp
[100%] [34m[1mGenerating Python msg __init__.py for yolo_detection_package[0m
[100%] Built target yolo_detection_package_generate_messages_cpp
[100%] Built target yolo_detection_package_generate_messages_py
[100%] Built target yolo_detection_package_generate_messages_eus
[35m[1mScanning dependencies of target yolo_detection_package_generate_messages[0m
[100%] Built target yolo_detection_package_generate_messages
